0 info it worked if it ends with ok
1 verbose cli [ '/usr/local/opt/nvm/versions/node/v0.12.2/bin/node',
1 verbose cli   '/usr/local/opt/nvm/versions/node/v0.12.2/bin/npm',
1 verbose cli   'run',
1 verbose cli   'deploy' ]
2 info using npm@2.7.4
3 info using node@v0.12.2
4 verbose node symlink /usr/local/opt/nvm/versions/node/v0.12.2/bin/node
5 verbose run-script [ 'predeploy', 'deploy', 'postdeploy' ]
6 info predeploy jabacares.annualreport.2014@1.0.0
7 info deploy jabacares.annualreport.2014@1.0.0
8 verbose unsafe-perm in lifecycle true
9 info jabacares.annualreport.2014@1.0.0 Failed to exec deploy script
10 verbose stack Error: jabacares.annualreport.2014@1.0.0 deploy: `npm run build && node ./bin/s3-deploy.js && open http://jaba-annual-report-2014.s3-website-us-east-1.amazonaws.com`
10 verbose stack Exit status 1
10 verbose stack     at EventEmitter.<anonymous> (/usr/local/Cellar/nvm/0.23.3/versions/node/v0.12.2/lib/node_modules/npm/lib/utils/lifecycle.js:213:16)
10 verbose stack     at EventEmitter.emit (events.js:110:17)
10 verbose stack     at ChildProcess.<anonymous> (/usr/local/Cellar/nvm/0.23.3/versions/node/v0.12.2/lib/node_modules/npm/lib/utils/spawn.js:14:12)
10 verbose stack     at ChildProcess.emit (events.js:110:17)
10 verbose stack     at maybeClose (child_process.js:1015:16)
10 verbose stack     at Process.ChildProcess._handle.onexit (child_process.js:1087:5)
11 verbose pkgid jabacares.annualreport.2014@1.0.0
12 verbose cwd /Users/jquinn/workspace/jabacares.annualreport.2014
13 error Darwin 14.3.0
14 error argv "/usr/local/opt/nvm/versions/node/v0.12.2/bin/node" "/usr/local/opt/nvm/versions/node/v0.12.2/bin/npm" "run" "deploy"
15 error node v0.12.2
16 error npm  v2.7.4
17 error code ELIFECYCLE
18 error jabacares.annualreport.2014@1.0.0 deploy: `npm run build && node ./bin/s3-deploy.js && open http://jaba-annual-report-2014.s3-website-us-east-1.amazonaws.com`
18 error Exit status 1
19 error Failed at the jabacares.annualreport.2014@1.0.0 deploy script 'npm run build && node ./bin/s3-deploy.js && open http://jaba-annual-report-2014.s3-website-us-east-1.amazonaws.com'.
19 error This is most likely a problem with the jabacares.annualreport.2014 package,
19 error not with npm itself.
19 error Tell the author that this fails on your system:
19 error     npm run build && node ./bin/s3-deploy.js && open http://jaba-annual-report-2014.s3-website-us-east-1.amazonaws.com
19 error You can get their info via:
19 error     npm owner ls jabacares.annualreport.2014
19 error There is likely additional logging output above.
20 verbose exit [ 1, true ]
